<?xml version="1.0" encoding="UTF-8" ?>
<testsuites errors="3"
            failures="1"
            tests="1">

  <testsuite name="example3"
    errors="3" failures="1" hostname="" id="" package="example3" skipped="0"
    tests="1" time="16.68" timestamp="">
  
    <testcase name="Demo test ecosia.org" classname="example3" time="16.68" assertions="1">  <failure message="Testing if element [0;33m&lt;.mainline-results&gt;[0m contains text [0;33m&#39;Nightwatch.js&#39;[0m in 5000ms - expected [0;32m&#34;contains text &#39;Nightwatch.js&#39;&#34;[0m but got: [0;31m&#34;element could not be located&#34;[0m [0;90m(5249ms)[0m">    at Object.Demo test ecosia.org (/home/strifonov/React_Play/AtScale-Onboarding/car-rental/client/tests/example3.js:7:17)
    at process._tickCallback (internal/process/next_tick.js:68:7)</failure>

    
      <failure message="    at Object.Demo test ecosia.org (/home/strifonov/React_Play/AtScale-Onboarding/car-rental/client/tests/example3.js:7:17)">    at process._tickCallback (internal/process/next_tick.js:68:7)</failure>
      <error message="Error while running &#34;containsText&#34; command: Testing if element [0;33m&lt;.mainline-results&gt;[0m contains text [0;33m&#39;Nightwatch.js&#39;[0m in 5000ms - expected [0;32m&#34;contains text &#39;Nightwatch.js&#39;&#34;[0m but got: [0;31m&#34;element could not be located&#34;[0m [0;90m(5249ms)[0m" type="error">    at process._tickCallback (internal/process/next_tick.js:68:7)</error>
    
    </testcase>
  

  
    <system-err>
      [0;31m  NoSuchElementError: An error occurred while running .setValue() command on &lt;FormControl[type=text]&gt;: undefined; undefined
   {&#34;sessionId&#34;:&#34;0efd962b18ff099fc22101b79259c774&#34;,&#34;status&#34;:0,&#34;value&#34;:[]}[0m
[0;90m       at process._tickCallback (internal/process/next_tick.js:68:7)[0m
[0;31m  NoSuchElementError: An error occurred while running .click() command on &lt;button[type=submit]&gt;: undefined; undefined
   {&#34;sessionId&#34;:&#34;0efd962b18ff099fc22101b79259c774&#34;,&#34;status&#34;:0,&#34;value&#34;:[]}[0m
[0;90m       at process._tickCallback (internal/process/next_tick.js:68:7)[0m
[0;31m  NoSuchElementError: An error occurred while running .getText() command on &lt;.mainline-results&gt;: undefined; undefined
   {&#34;sessionId&#34;:&#34;0efd962b18ff099fc22101b79259c774&#34;,&#34;status&#34;:0,&#34;value&#34;:[]}[0m
[0;90m       at process._tickCallback (internal/process/next_tick.js:68:7)[0m
    </system-err>
  

  
  </testsuite>
</testsuites>
