<?xml version="1.0" encoding="UTF-8" ?>
<testsuites errors="1"
            failures="1"
            tests="1">

  <testsuite name="example4"
    errors="1" failures="1" hostname="" id="" package="example4" skipped="0"
    tests="1" time="7.849" timestamp="">
  
    <testcase name="Demo test ecosia.org" classname="example4" time="7.849" assertions="10">

    

    

    

    

    

    

    

    

      <failure message="Testing if element [0;33m&lt;.mainline-results&gt;[0m contains text [0;33m&#39;Ford&#39;[0m in 5000ms - expected [0;32m&#34;contains text &#39;Ford&#39;&#34;[0m but got: [0;31m&#34;element could not be located&#34;[0m [0;90m(5166ms)[0m">    at Object.Demo test ecosia.org (/home/strifonov/React_Play/AtScale-Onboarding/car-rental/client/tests/example4.js:35:15)
    at process._tickCallback (internal/process/next_tick.js:68:7)</failure>

    
      <failure message="    at Object.Demo test ecosia.org (/home/strifonov/React_Play/AtScale-Onboarding/car-rental/client/tests/example4.js:35:15)">    at process._tickCallback (internal/process/next_tick.js:68:7)</failure>
      <error message="Error while running &#34;containsText&#34; command: Testing if element [0;33m&lt;.mainline-results&gt;[0m contains text [0;33m&#39;Ford&#39;[0m in 5000ms - expected [0;32m&#34;contains text &#39;Ford&#39;&#34;[0m but got: [0;31m&#34;element could not be located&#34;[0m [0;90m(5166ms)[0m" type="error">    at process._tickCallback (internal/process/next_tick.js:68:7)</error>
    
    </testcase>
  

  
    <system-err>
      [0;31m  NoSuchElementError: An error occurred while running .getText() command on &lt;.mainline-results&gt;: undefined; undefined
   {&#34;sessionId&#34;:&#34;88137c6d8245aed101c609dcdf3c72a3&#34;,&#34;status&#34;:0,&#34;value&#34;:[]}[0m
[0;90m       at process._tickCallback (internal/process/next_tick.js:68:7)[0m
    </system-err>
  

  
  </testsuite>
</testsuites>
